c:\users\lvtho\onedrive - digipen institute of technology\classes\su24\assignment1\rabin-engine\debug\the-rabin-engine.pch
c:\users\lvtho\onedrive - digipen institute of technology\classes\su24\assignment1\rabin-engine\debug\vc143.pdb
c:\users\lvtho\onedrive - digipen institute of technology\classes\su24\assignment1\rabin-engine\debug\vc143.idb
c:\users\lvtho\onedrive - digipen institute of technology\classes\su24\assignment1\rabin-engine\debug\pch.obj
c:\users\lvtho\onedrive - digipen institute of technology\classes\su24\assignment1\rabin-engine\debug\projectthree.obj
c:\users\lvtho\onedrive - digipen institute of technology\classes\su24\assignment1\rabin-engine\debug\pathingtestresult.obj
c:\users\lvtho\onedrive - digipen institute of technology\classes\su24\assignment1\rabin-engine\debug\uibehaviortreetextfield.obj
c:\users\lvtho\onedrive - digipen institute of technology\classes\su24\assignment1\rabin-engine\debug\p2_pathfinding.obj
c:\users\lvtho\onedrive - digipen institute of technology\classes\su24\assignment1\rabin-engine\debug\keyboardkeys.obj
c:\users\lvtho\onedrive - digipen institute of technology\classes\su24\assignment1\rabin-engine\debug\meshrenderer.obj
c:\users\lvtho\onedrive - digipen institute of technology\classes\su24\assignment1\rabin-engine\debug\uitextobject.obj
c:\users\lvtho\onedrive - digipen institute of technology\classes\su24\assignment1\rabin-engine\debug\setup.obj
c:\users\lvtho\onedrive - digipen institute of technology\classes\su24\assignment1\rabin-engine\debug\behaviortree.obj
c:\users\lvtho\onedrive - digipen institute of technology\classes\su24\assignment1\rabin-engine\debug\uispriterenderer.obj
c:\users\lvtho\onedrive - digipen institute of technology\classes\su24\assignment1\rabin-engine\debug\l_movetomouseclick.obj
c:\users\lvtho\onedrive - digipen institute of technology\classes\su24\assignment1\rabin-engine\debug\project.obj
c:\users\lvtho\onedrive - digipen institute of technology\classes\su24\assignment1\rabin-engine\debug\debugrenderer.obj
c:\users\lvtho\onedrive - digipen institute of technology\classes\su24\assignment1\rabin-engine\debug\uielement.obj
c:\users\lvtho\onedrive - digipen institute of technology\classes\su24\assignment1\rabin-engine\debug\l_movetofurthestagent.obj
c:\users\lvtho\onedrive - digipen institute of technology\classes\su24\assignment1\rabin-engine\debug\serialization.obj
c:\users\lvtho\onedrive - digipen institute of technology\classes\su24\assignment1\rabin-engine\debug\murmur2hash.obj
c:\users\lvtho\onedrive - digipen institute of technology\classes\su24\assignment1\rabin-engine\debug\deviceresources.obj
c:\users\lvtho\onedrive - digipen institute of technology\classes\su24\assignment1\rabin-engine\debug\d_invertresult.obj
c:\users\lvtho\onedrive - digipen institute of technology\classes\su24\assignment1\rabin-engine\debug\stopwatch.obj
c:\users\lvtho\onedrive - digipen institute of technology\classes\su24\assignment1\rabin-engine\debug\uitogglebutton.obj
c:\users\lvtho\onedrive - digipen institute of technology\classes\su24\assignment1\rabin-engine\debug\l_checkmouseclick.obj
c:\users\lvtho\onedrive - digipen institute of technology\classes\su24\assignment1\rabin-engine\debug\projectone.obj
c:\users\lvtho\onedrive - digipen institute of technology\classes\su24\assignment1\rabin-engine\debug\behaviortreebuilder.obj
c:\users\lvtho\onedrive - digipen institute of technology\classes\su24\assignment1\rabin-engine\debug\l_idle.obj
c:\users\lvtho\onedrive - digipen institute of technology\classes\su24\assignment1\rabin-engine\debug\rng.obj
c:\users\lvtho\onedrive - digipen institute of technology\classes\su24\assignment1\rabin-engine\debug\uiconditionalbutton.obj
c:\users\lvtho\onedrive - digipen institute of technology\classes\su24\assignment1\rabin-engine\debug\c_randomselector.obj
c:\users\lvtho\onedrive - digipen institute of technology\classes\su24\assignment1\rabin-engine\debug\inputhandler.obj
c:\users\lvtho\onedrive - digipen institute of technology\classes\su24\assignment1\rabin-engine\debug\c_parallelsequencer.obj
c:\users\lvtho\onedrive - digipen institute of technology\classes\su24\assignment1\rabin-engine\debug\p3_terrainanalysis.obj
c:\users\lvtho\onedrive - digipen institute of technology\classes\su24\assignment1\rabin-engine\debug\agentorganizer.obj
c:\users\lvtho\onedrive - digipen institute of technology\classes\su24\assignment1\rabin-engine\debug\pathingtestcase.obj
c:\users\lvtho\onedrive - digipen institute of technology\classes\su24\assignment1\rabin-engine\debug\uicolorhighlighter.obj
c:\users\lvtho\onedrive - digipen institute of technology\classes\su24\assignment1\rabin-engine\debug\l_movetorandomposition.obj
c:\users\lvtho\onedrive - digipen institute of technology\classes\su24\assignment1\rabin-engine\debug\main.obj
c:\users\lvtho\onedrive - digipen institute of technology\classes\su24\assignment1\rabin-engine\debug\uibutton.obj
c:\users\lvtho\onedrive - digipen institute of technology\classes\su24\assignment1\rabin-engine\debug\d_delay.obj
c:\users\lvtho\onedrive - digipen institute of technology\classes\su24\assignment1\rabin-engine\debug\projecttwo.obj
c:\users\lvtho\onedrive - digipen institute of technology\classes\su24\assignment1\rabin-engine\debug\agent.obj
c:\users\lvtho\onedrive - digipen institute of technology\classes\su24\assignment1\rabin-engine\debug\mousebuttons.obj
c:\users\lvtho\onedrive - digipen institute of technology\classes\su24\assignment1\rabin-engine\debug\simplerenderer.obj
c:\users\lvtho\onedrive - digipen institute of technology\classes\su24\assignment1\rabin-engine\debug\nodeinfo.obj
c:\users\lvtho\onedrive - digipen institute of technology\classes\su24\assignment1\rabin-engine\debug\uidynamicbannertextfield.obj
c:\users\lvtho\onedrive - digipen institute of technology\classes\su24\assignment1\rabin-engine\debug\l_grow.obj
c:\users\lvtho\onedrive - digipen institute of technology\classes\su24\assignment1\rabin-engine\debug\behaviortreeprototype.obj
c:\users\lvtho\onedrive - digipen institute of technology\classes\su24\assignment1\rabin-engine\debug\uicolors.obj
c:\users\lvtho\onedrive - digipen institute of technology\classes\su24\assignment1\rabin-engine\debug\l_treedeath.obj
c:\users\lvtho\onedrive - digipen institute of technology\classes\su24\assignment1\rabin-engine\debug\pathingtestdata.obj
c:\users\lvtho\onedrive - digipen institute of technology\classes\su24\assignment1\rabin-engine\debug\uidynamicbutton.obj
c:\users\lvtho\onedrive - digipen institute of technology\classes\su24\assignment1\rabin-engine\debug\d_invertedrepeater.obj
c:\users\lvtho\onedrive - digipen institute of technology\classes\su24\assignment1\rabin-engine\debug\behaviornode.obj
c:\users\lvtho\onedrive - digipen institute of technology\classes\su24\assignment1\rabin-engine\debug\uibannertextfield.obj
c:\users\lvtho\onedrive - digipen institute of technology\classes\su24\assignment1\rabin-engine\debug\c_selector.obj
c:\users\lvtho\onedrive - digipen institute of technology\classes\su24\assignment1\rabin-engine\debug\astaragent.obj
c:\users\lvtho\onedrive - digipen institute of technology\classes\su24\assignment1\rabin-engine\debug\pathfindingdetails.obj
c:\users\lvtho\onedrive - digipen institute of technology\classes\su24\assignment1\rabin-engine\debug\mapmath.obj
c:\users\lvtho\onedrive - digipen institute of technology\classes\su24\assignment1\rabin-engine\debug\uivaluetextfield.obj
c:\users\lvtho\onedrive - digipen institute of technology\classes\su24\assignment1\rabin-engine\debug\c_sequencer.obj
c:\users\lvtho\onedrive - digipen institute of technology\classes\su24\assignment1\rabin-engine\debug\pathingtester.obj
c:\users\lvtho\onedrive - digipen institute of technology\classes\su24\assignment1\rabin-engine\debug\audiomanager.obj
c:\users\lvtho\onedrive - digipen institute of technology\classes\su24\assignment1\rabin-engine\debug\uicoordinator.obj
c:\users\lvtho\onedrive - digipen institute of technology\classes\su24\assignment1\rabin-engine\debug\cameraagent.obj
c:\users\lvtho\onedrive - digipen institute of technology\classes\su24\assignment1\rabin-engine\debug\textrenderer.obj
c:\users\lvtho\onedrive - digipen institute of technology\classes\su24\assignment1\rabin-engine\debug\uiboundingbox.obj
c:\users\lvtho\onedrive - digipen institute of technology\classes\su24\assignment1\rabin-engine\debug\l_destroyagent.obj
c:\users\lvtho\onedrive - digipen institute of technology\classes\su24\assignment1\rabin-engine\debug\behavioragent.obj
c:\users\lvtho\onedrive - digipen institute of technology\classes\su24\assignment1\rabin-engine\debug\uidynamictextfield.obj
c:\users\lvtho\onedrive - digipen institute of technology\classes\su24\assignment1\rabin-engine\debug\l_age.obj
c:\users\lvtho\onedrive - digipen institute of technology\classes\su24\assignment1\rabin-engine\debug\treeinfo.obj
c:\users\lvtho\onedrive - digipen institute of technology\classes\su24\assignment1\rabin-engine\debug\readshader.obj
c:\users\lvtho\onedrive - digipen institute of technology\classes\su24\assignment1\rabin-engine\debug\d_repeatfourtimes.obj
c:\users\lvtho\onedrive - digipen institute of technology\classes\su24\assignment1\rabin-engine\debug\messenger.obj
c:\users\lvtho\onedrive - digipen institute of technology\classes\su24\assignment1\rabin-engine\debug\terrain.obj
c:\users\lvtho\onedrive - digipen institute of technology\classes\su24\assignment1\rabin-engine\debug\engine.obj
c:\users\lvtho\onedrive - digipen institute of technology\classes\su24\assignment1\rabin-engine\debug\enemyagent.obj
c:\users\lvtho\onedrive - digipen institute of technology\classes\su24\assignment1\rabin-engine\debug\uitextfield.obj
c:\users\lvtho\onedrive - digipen institute of technology\classes\su24\assignment1\rabin-engine\debug\l_playsound.obj
c:\users\lvtho\onedrive - digipen institute of technology\classes\su24\assignment1\rabin-engine\assets\gridcellpixelshader.cso
c:\users\lvtho\onedrive - digipen institute of technology\classes\su24\assignment1\rabin-engine\assets\gridcellvertexshader.cso
c:\users\lvtho\onedrive - digipen institute of technology\classes\su24\assignment1\rabin-engine\debug\the-rabin-engine.lib
c:\users\lvtho\onedrive - digipen institute of technology\classes\su24\assignment1\rabin-engine\debug\the-rabin-engine.exp
c:\users\lvtho\onedrive - digipen institute of technology\classes\su24\assignment1\rabin-engine\debug\the-rabin-engine.exe
c:\users\lvtho\onedrive - digipen institute of technology\classes\su24\assignment1\rabin-engine\debug\the-rabin-engine.ilk
c:\users\lvtho\onedrive - digipen institute of technology\classes\su24\assignment1\rabin-engine\debug\the-rabin-engine.pdb
c:\users\lvtho\onedrive - digipen institute of technology\classes\su24\assignment1\rabin-engine\debug\resource.res
c:\users\lvtho\onedrive - digipen institute of technology\classes\su24\assignment1\rabin-engine\debug\the-rabin-engine.exe.embed.manifest.res
c:\users\lvtho\onedrive - digipen institute of technology\classes\su24\assignment1\rabin-engine\debug\the-rabin-engine.exe.embed.manifest
c:\users\lvtho\onedrive - digipen institute of technology\classes\su24\assignment1\rabin-engine\debug\the-rabin-engine_manifest.rc
c:\users\lvtho\onedrive - digipen institute of technology\classes\su24\assignment1\rabin-engine\debug\the-rabin-engine.tlog\cl.command.1.tlog
c:\users\lvtho\onedrive - digipen institute of technology\classes\su24\assignment1\rabin-engine\debug\the-rabin-engine.tlog\cl.items.tlog
c:\users\lvtho\onedrive - digipen institute of technology\classes\su24\assignment1\rabin-engine\debug\the-rabin-engine.tlog\cl.read.1.tlog
c:\users\lvtho\onedrive - digipen institute of technology\classes\su24\assignment1\rabin-engine\debug\the-rabin-engine.tlog\cl.write.1.tlog
c:\users\lvtho\onedrive - digipen institute of technology\classes\su24\assignment1\rabin-engine\debug\the-rabin-engine.tlog\fxc.command.1.tlog
c:\users\lvtho\onedrive - digipen institute of technology\classes\su24\assignment1\rabin-engine\debug\the-rabin-engine.tlog\fxc.read.1.tlog
c:\users\lvtho\onedrive - digipen institute of technology\classes\su24\assignment1\rabin-engine\debug\the-rabin-engine.tlog\fxc.write.1.tlog
c:\users\lvtho\onedrive - digipen institute of technology\classes\su24\assignment1\rabin-engine\debug\the-rabin-engine.tlog\link.command.1.tlog
c:\users\lvtho\onedrive - digipen institute of technology\classes\su24\assignment1\rabin-engine\debug\the-rabin-engine.tlog\link.read.1.tlog
c:\users\lvtho\onedrive - digipen institute of technology\classes\su24\assignment1\rabin-engine\debug\the-rabin-engine.tlog\link.write.1.tlog
c:\users\lvtho\onedrive - digipen institute of technology\classes\su24\assignment1\rabin-engine\debug\the-rabin-engine.tlog\link.write.2u.tlog
c:\users\lvtho\onedrive - digipen institute of technology\classes\su24\assignment1\rabin-engine\debug\the-rabin-engine.tlog\rc.command.1.tlog
c:\users\lvtho\onedrive - digipen institute of technology\classes\su24\assignment1\rabin-engine\debug\the-rabin-engine.tlog\rc.read.1.tlog
c:\users\lvtho\onedrive - digipen institute of technology\classes\su24\assignment1\rabin-engine\debug\the-rabin-engine.tlog\rc.write.1.tlog
